2018-05-09T17:02:12.331+0000 I CONTROL  [initandlisten] MongoDB starting : pid=1 port=27017 dbpath=/data/db 64-bit host=2d7302116afb
2018-05-09T17:02:12.331+0000 I CONTROL  [initandlisten] db version v3.7.7
2018-05-09T17:02:12.331+0000 I CONTROL  [initandlisten] git version: b57eee5a295ede1fd67299dc9990c272c1f66ea3
2018-05-09T17:02:12.331+0000 I CONTROL  [initandlisten] OpenSSL version: OpenSSL 1.0.1t  3 May 2016
2018-05-09T17:02:12.331+0000 I CONTROL  [initandlisten] allocator: tcmalloc
2018-05-09T17:02:12.331+0000 I CONTROL  [initandlisten] modules: none
2018-05-09T17:02:12.331+0000 I CONTROL  [initandlisten] build environment:
2018-05-09T17:02:12.331+0000 I CONTROL  [initandlisten]     distmod: debian81
2018-05-09T17:02:12.331+0000 I CONTROL  [initandlisten]     distarch: x86_64
2018-05-09T17:02:12.331+0000 I CONTROL  [initandlisten]     target_arch: x86_64
2018-05-09T17:02:12.331+0000 I CONTROL  [initandlisten] options: { config: "/etc/mongod.conf", net: { bindIpAll: true }, storage: { dbPath: "/data/db", journal: { enabled: true } }, systemLog: { destination: "file", logAppend: true, path: "/var/log/mongodb/mongod.log" } }
2018-05-09T17:02:12.331+0000 I STORAGE  [initandlisten] 
2018-05-09T17:02:12.331+0000 I STORAGE  [initandlisten] ** WARNING: Using the XFS filesystem is strongly recommended with the WiredTiger storage engine
2018-05-09T17:02:12.331+0000 I STORAGE  [initandlisten] **          See http://dochub.mongodb.org/core/prodnotes-filesystem
2018-05-09T17:02:12.331+0000 I STORAGE  [initandlisten] wiredtiger_open config: create,cache_size=478M,session_max=20000,eviction=(threads_min=4,threads_max=4),config_base=false,statistics=(fast),log=(enabled=true,archive=true,path=journal,compressor=snappy),file_manager=(close_idle_time=100000),statistics_log=(wait=0),verbose=(recovery_progress),
2018-05-09T17:02:13.214+0000 I STORAGE  [initandlisten] WiredTiger message [1525885333:214243][1:0x7fe0870769c0], txn-recover: Set global recovery timestamp: 0
2018-05-09T17:02:13.507+0000 I RECOVERY [initandlisten] WiredTiger recoveryTimestamp. Ts: Timestamp(0, 0)
2018-05-09T17:02:14.087+0000 I CONTROL  [initandlisten] 
2018-05-09T17:02:14.088+0000 I CONTROL  [initandlisten] ** NOTE: This is a development version (3.7.7) of MongoDB.
2018-05-09T17:02:14.088+0000 I CONTROL  [initandlisten] **       Not recommended for production.
2018-05-09T17:02:14.088+0000 I CONTROL  [initandlisten] 
2018-05-09T17:02:14.088+0000 I CONTROL  [initandlisten] ** WARNING: Access control is not enabled for the database.
2018-05-09T17:02:14.088+0000 I CONTROL  [initandlisten] **          Read and write access to data and configuration is unrestricted.
2018-05-09T17:02:14.088+0000 I CONTROL  [initandlisten] 
2018-05-09T17:02:14.088+0000 I STORAGE  [initandlisten] createCollection: admin.system.version with provided UUID: 468aeba7-2ee7-4a02-80aa-44dda7b0f5b3
2018-05-09T17:02:14.897+0000 I COMMAND  [initandlisten] setting featureCompatibilityVersion to 4.0
2018-05-09T17:02:14.906+0000 I STORAGE  [initandlisten] createCollection: local.startup_log with generated UUID: 9ffc6c96-12ac-463e-82c4-f29426830edc
2018-05-09T17:02:15.240+0000 I FTDC     [initandlisten] Initializing full-time diagnostic data capture with directory '/data/db/diagnostic.data'
2018-05-09T17:02:15.241+0000 I NETWORK  [initandlisten] waiting for connections on port 27017
2018-05-09T17:02:38.335+0000 I CONTROL  [signalProcessingThread] got signal 15 (Terminated), will terminate after current cmd ends
2018-05-09T17:02:38.335+0000 I NETWORK  [signalProcessingThread] shutdown: going to close listening sockets...
2018-05-09T17:02:38.336+0000 I NETWORK  [signalProcessingThread] removing socket file: /tmp/mongodb-27017.sock
2018-05-09T17:02:38.336+0000 I FTDC     [signalProcessingThread] Shutting down full-time diagnostic data capture
2018-05-09T17:02:38.337+0000 I STORAGE  [signalProcessingThread] WiredTigerKVEngine shutting down
2018-05-09T17:02:39.146+0000 I STORAGE  [signalProcessingThread] shutdown: removing fs lock...
2018-05-09T17:02:39.147+0000 I CONTROL  [signalProcessingThread] now exiting
2018-05-09T17:02:39.148+0000 I CONTROL  [signalProcessingThread] shutting down with code:0
